<?xml version="1.0" encoding="UTF-8"?>
<!-- Generated by org.testng.reporters.JUnitReportReporter -->
<testsuite hostname="DESKTOP-D5LHLIR" failures="0" tests="2" name="TestScripts.GetAndPostExampleClass" time="7.241" errors="0" timestamp="2021-02-01T09:32:39 IST" skipped="0">
  <testcase classname="TestScripts.GetAndPostExampleClass" name="GetTest" time="6.214"/>
  <system-out/>
  <testcase classname="TestScripts.GetAndPostExampleClass" name="PostTest" time="1.027"/>
  <system-out/>
</testsuite> <!-- TestScripts.GetAndPostExampleClass -->
