<?xml version="1.0" encoding="UTF-8"?>
<!-- Generated by org.testng.reporters.JUnitReportReporter -->
<testsuite hostname="DESKTOP-D5LHLIR" failures="0" tests="3" name="TestScripts.PutAndDeleteExampleClass" time="6.892" errors="0" timestamp="2021-02-01T09:46:01 IST" skipped="0">
  <testcase classname="TestScripts.PutAndDeleteExampleClass" name="DeleteTest" time="5.132"/>
  <system-out/>
  <testcase classname="TestScripts.PutAndDeleteExampleClass" name="PatchTest" time="0.948"/>
  <system-out/>
  <testcase classname="TestScripts.PutAndDeleteExampleClass" name="PutTest" time="0.812"/>
  <system-out/>
</testsuite> <!-- TestScripts.PutAndDeleteExampleClass -->
